<?xml version="1.0" encoding="UTF-8"?>
<testsuite xmlns:xsi="http://www.w3.org/2001/XMLSchema-instance" xsi:noNamespaceSchemaLocation="https://maven.apache.org/surefire/maven-surefire-plugin/xsd/surefire-test-report-3.0.xsd" version="3.0" name="com.jdc.weekend.AllTest" time="11.977" tests="4" errors="0" skipped="0" failures="0">
  <properties>
[...]
</properties>
  <testcase name="many_to_one_test" classname="com.jdc.weekend.AllTest" time="5.736">
    <system-out><![CDATA[Hibernate: 
    alter table product 
       drop 
       foreign key FK1mtsbur82frn64de7balymq9s
Hibernate: 
    alter table product_supply 
       drop 
       foreign key FKd5kbj71vtqgobht498rfakxe9
Hibernate: 
    alter table product_supply 
       drop 
       foreign key FKtffg6kcs1pim932ltxgwjtd90
Hibernate: 
    drop table if exists category
Hibernate: 
    drop table if exists product
Hibernate: 
    drop table if exists product_supply
Hibernate: 
    drop table if exists supplier
Hibernate: 
    create table category (
        id integer not null auto_increment,
        name varchar(20) not null,
        primary key (id)
    ) engine=InnoDB
Hibernate: 
    create table product (
        category_id integer,
        id integer not null auto_increment,
        name varchar(20) not null,
        primary key (id)
    ) engine=InnoDB
Hibernate: 
    create table product_supply (
        product_id integer not null,
        supplier_id integer not null
    ) engine=InnoDB
Hibernate: 
    create table supplier (
        id integer not null auto_increment,
        name varchar(20),
        phone varchar(20) not null,
        email varchar(40) not null,
        primary key (id)
    ) engine=InnoDB
Hibernate: 
    alter table category 
       add constraint UK_46ccwnsi9409t36lurvtyljak unique (name)
Hibernate: 
    alter table product 
       add constraint UK_jmivyxk9rmgysrmsqw15lqr5b unique (name)
Hibernate: 
    alter table supplier 
       add constraint UK_c3fclhmodftxk4d0judiafwi3 unique (name)
Hibernate: 
    alter table product 
       add constraint FK1mtsbur82frn64de7balymq9s 
       foreign key (category_id) 
       references category (id)
Hibernate: 
    alter table product_supply 
       add constraint FKd5kbj71vtqgobht498rfakxe9 
       foreign key (supplier_id) 
       references supplier (id)
Hibernate: 
    alter table product_supply 
       add constraint FKtffg6kcs1pim932ltxgwjtd90 
       foreign key (product_id) 
       references product (id)
Hibernate: insert into category (name) values ('Foods')
Hibernate: insert into category (name) values ('Drinks')
Hibernate: insert into category (name) values ('Mobiles')
Hibernate: insert into product(name, category_id) values ('Potato Chips', 1)
Hibernate: insert into product(name, category_id) values ('Fish Chips', 1)
Hibernate: insert into product(name, category_id) values ('Coke', 2)
Hibernate: insert into product(name, category_id) values ('Pepsi', 2)
Hibernate: insert into product(name) values ('iPhone 13')
Hibernate: insert into supplier (name, phone, email) values ('196 Store', '0911889900', 'store196@gmail.com')
Hibernate: insert into supplier (name, phone, email) values ('Star Shop', '0911889911', 'starshop@gmail.com')
Hibernate: insert into supplier (name, phone, email) values ('Moon Star', '0911889922', 'moonstar@gmail.com')
Hibernate: insert into product_supply(product_id, supplier_id) values (1, 1)
Hibernate: insert into product_supply(product_id, supplier_id) values (2, 1)
Hibernate: insert into product_supply(product_id, supplier_id) values (3, 2)
Hibernate: insert into product_supply(product_id, supplier_id) values (4, 2)
Hibernate: 
    select
        p1_0.id,
        c1_0.id,
        c1_0.name,
        p1_0.name 
    from
        product p1_0 
    left join
        category c1_0 
            on c1_0.id=p1_0.category_id 
    where
        p1_0.id=?
Hibernate: 
    select
        p1_0.category_id,
        p1_0.id,
        p1_0.name 
    from
        product p1_0 
    where
        p1_0.category_id=?
Drinks
]]></system-out>
    <system-err><![CDATA[Oct 23, 2023 7:35:56 PM org.hibernate.jpa.internal.util.LogHelper logPersistenceUnitInformation
INFO: HHH000204: Processing PersistenceUnitInfo [name: join-in-jpql]
Oct 23, 2023 7:35:56 PM org.hibernate.Version logVersion
INFO: HHH000412: Hibernate ORM core version 6.3.1.Final
Oct 23, 2023 7:35:56 PM org.hibernate.jpa.boot.internal.EntityManagerFactoryBuilderImpl lambda$normalizeConnectionAccessUserAndPass$6
WARN: HHH90000021: Encountered deprecated setting [javax.persistence.jdbc.user], use [jakarta.persistence.jdbc.user] instead
Oct 23, 2023 7:35:56 PM org.hibernate.jpa.boot.internal.EntityManagerFactoryBuilderImpl lambda$normalizeConnectionAccessUserAndPass$12
WARN: HHH90000021: Encountered deprecated setting [javax.persistence.jdbc.password], use [jakarta.persistence.jdbc.password] instead
Oct 23, 2023 7:35:56 PM org.hibernate.jpa.boot.internal.EntityManagerFactoryBuilderImpl normalizeDataAccess
WARN: HHH90000021: Encountered deprecated setting [javax.persistence.jdbc.url], use [jakarta.persistence.jdbc.url] instead
Oct 23, 2023 7:35:56 PM org.hibernate.jpa.boot.internal.EntityManagerFactoryBuilderImpl normalizeDataAccess
WARN: HHH90000021: Encountered deprecated setting [javax.persistence.jdbc.driver], use [jakarta.persistence.jdbc.driver] instead
Oct 23, 2023 7:35:56 PM org.hibernate.cache.internal.RegionFactoryInitiator initiateService
INFO: HHH000026: Second-level cache disabled
Oct 23, 2023 7:35:57 PM org.hibernate.engine.jdbc.connections.internal.DriverManagerConnectionProviderImpl configure
WARN: HHH10001002: Using built-in connection pool (not intended for production use)
Oct 23, 2023 7:35:57 PM org.hibernate.engine.jdbc.connections.internal.DriverManagerConnectionProviderImpl buildCreator
INFO: HHH10001005: Loaded JDBC driver class: com.mysql.cj.jdbc.Driver
Oct 23, 2023 7:35:57 PM org.hibernate.engine.jdbc.connections.internal.DriverManagerConnectionProviderImpl buildCreator
INFO: HHH10001012: Connecting with JDBC URL [jdbc:mysql://localhost:3306/join_db]
Oct 23, 2023 7:35:57 PM org.hibernate.engine.jdbc.connections.internal.DriverManagerConnectionProviderImpl buildCreator
INFO: HHH10001001: Connection properties: {password=****, user=joinusr}
Oct 23, 2023 7:35:57 PM org.hibernate.engine.jdbc.connections.internal.DriverManagerConnectionProviderImpl buildCreator
INFO: HHH10001003: Autocommit mode: false
Oct 23, 2023 7:35:57 PM org.hibernate.engine.jdbc.connections.internal.DriverManagerConnectionProviderImpl$PooledConnections <init>
INFO: HHH10001115: Connection pool size: 20 (min=1)
Oct 23, 2023 7:35:58 PM org.hibernate.tool.schema.spi.SchemaManagementToolCoordinator$ActionGrouping determineJpaDbActionSetting
WARN: HHH90000021: Encountered deprecated setting [javax.persistence.schema-generation.database.action], use [jakarta.persistence.schema-generation.database.action] instead
Oct 23, 2023 7:35:59 PM org.hibernate.engine.transaction.jta.platform.internal.JtaPlatformInitiator initiateService
INFO: HHH000489: No JTA platform available (set 'hibernate.transaction.jta.platform' to enable JTA platform integration)
Oct 23, 2023 7:35:59 PM org.hibernate.tool.schema.spi.SchemaManagementToolCoordinator$ActionGrouping determineJpaDbActionSetting
WARN: HHH90000021: Encountered deprecated setting [javax.persistence.schema-generation.database.action], use [jakarta.persistence.schema-generation.database.action] instead
Oct 23, 2023 7:35:59 PM org.hibernate.resource.transaction.backend.jdbc.internal.DdlTransactionIsolatorNonJtaImpl getIsolatedConnection
INFO: HHH10001501: Connection obtained from JdbcConnectionAccess [org.hibernate.engine.jdbc.env.internal.JdbcEnvironmentInitiator$ConnectionProviderJdbcConnectionAccess@14ed7ddf] for (non-JTA) DDL execution was not in auto-commit mode; the Connection 'local transaction' will be committed and the Connection will be set into auto-commit mode.
Oct 23, 2023 7:36:00 PM org.hibernate.resource.transaction.backend.jdbc.internal.DdlTransactionIsolatorNonJtaImpl getIsolatedConnection
INFO: HHH10001501: Connection obtained from JdbcConnectionAccess [org.hibernate.engine.jdbc.env.internal.JdbcEnvironmentInitiator$ConnectionProviderJdbcConnectionAccess@4d25f816] for (non-JTA) DDL execution was not in auto-commit mode; the Connection 'local transaction' will be committed and the Connection will be set into auto-commit mode.
Oct 23, 2023 7:36:02 PM org.hibernate.engine.jdbc.connections.internal.DriverManagerConnectionProviderImpl$PoolState stop
INFO: HHH10001008: Cleaning up connection pool [jdbc:mysql://localhost:3306/join_db]
]]></system-err>
  </testcase>
  <testcase name="one_to_one_test" classname="com.jdc.weekend.AllTest" time="1.922">
    <system-out><![CDATA[Hibernate: 
    alter table product 
       drop 
       foreign key FK1mtsbur82frn64de7balymq9s
Hibernate: 
    alter table product_supply 
       drop 
       foreign key FKd5kbj71vtqgobht498rfakxe9
Hibernate: 
    alter table product_supply 
       drop 
       foreign key FKtffg6kcs1pim932ltxgwjtd90
Hibernate: 
    drop table if exists category
Hibernate: 
    drop table if exists product
Hibernate: 
    drop table if exists product_supply
Hibernate: 
    drop table if exists supplier
Hibernate: 
    create table category (
        id integer not null auto_increment,
        name varchar(20) not null,
        primary key (id)
    ) engine=InnoDB
Hibernate: 
    create table product (
        category_id integer,
        id integer not null auto_increment,
        name varchar(20) not null,
        primary key (id)
    ) engine=InnoDB
Hibernate: 
    create table product_supply (
        product_id integer not null,
        supplier_id integer not null
    ) engine=InnoDB
Hibernate: 
    create table supplier (
        id integer not null auto_increment,
        name varchar(20),
        phone varchar(20) not null,
        email varchar(40) not null,
        primary key (id)
    ) engine=InnoDB
Hibernate: 
    alter table category 
       add constraint UK_46ccwnsi9409t36lurvtyljak unique (name)
Hibernate: 
    alter table product 
       add constraint UK_jmivyxk9rmgysrmsqw15lqr5b unique (name)
Hibernate: 
    alter table supplier 
       add constraint UK_c3fclhmodftxk4d0judiafwi3 unique (name)
Hibernate: 
    alter table product 
       add constraint FK1mtsbur82frn64de7balymq9s 
       foreign key (category_id) 
       references category (id)
Hibernate: 
    alter table product_supply 
       add constraint FKd5kbj71vtqgobht498rfakxe9 
       foreign key (supplier_id) 
       references supplier (id)
Hibernate: 
    alter table product_supply 
       add constraint FKtffg6kcs1pim932ltxgwjtd90 
       foreign key (product_id) 
       references product (id)
Hibernate: insert into category (name) values ('Foods')
Hibernate: insert into category (name) values ('Drinks')
Hibernate: insert into category (name) values ('Mobiles')
Hibernate: insert into product(name, category_id) values ('Potato Chips', 1)
Hibernate: insert into product(name, category_id) values ('Fish Chips', 1)
Hibernate: insert into product(name, category_id) values ('Coke', 2)
Hibernate: insert into product(name, category_id) values ('Pepsi', 2)
Hibernate: insert into product(name) values ('iPhone 13')
Hibernate: insert into supplier (name, phone, email) values ('196 Store', '0911889900', 'store196@gmail.com')
Hibernate: insert into supplier (name, phone, email) values ('Star Shop', '0911889911', 'starshop@gmail.com')
Hibernate: insert into supplier (name, phone, email) values ('Moon Star', '0911889922', 'moonstar@gmail.com')
Hibernate: insert into product_supply(product_id, supplier_id) values (1, 1)
Hibernate: insert into product_supply(product_id, supplier_id) values (2, 1)
Hibernate: insert into product_supply(product_id, supplier_id) values (3, 2)
Hibernate: insert into product_supply(product_id, supplier_id) values (4, 2)
Hibernate: 
    select
        c1_0.id,
        c1_0.name,
        p1_0.category_id,
        p1_0.id,
        p1_0.name 
    from
        category c1_0 
    left join
        product p1_0 
            on c1_0.id=p1_0.category_id 
    where
        c1_0.id=?
Foods
Potato Chips
Fish Chips
]]></system-out>
    <system-err><![CDATA[Oct 23, 2023 7:36:02 PM org.hibernate.jpa.internal.util.LogHelper logPersistenceUnitInformation
INFO: HHH000204: Processing PersistenceUnitInfo [name: join-in-jpql]
Oct 23, 2023 7:36:02 PM org.hibernate.jpa.boot.internal.EntityManagerFactoryBuilderImpl lambda$normalizeConnectionAccessUserAndPass$6
WARN: HHH90000021: Encountered deprecated setting [javax.persistence.jdbc.user], use [jakarta.persistence.jdbc.user] instead
Oct 23, 2023 7:36:02 PM org.hibernate.jpa.boot.internal.EntityManagerFactoryBuilderImpl lambda$normalizeConnectionAccessUserAndPass$12
WARN: HHH90000021: Encountered deprecated setting [javax.persistence.jdbc.password], use [jakarta.persistence.jdbc.password] instead
Oct 23, 2023 7:36:02 PM org.hibernate.jpa.boot.internal.EntityManagerFactoryBuilderImpl normalizeDataAccess
WARN: HHH90000021: Encountered deprecated setting [javax.persistence.jdbc.url], use [jakarta.persistence.jdbc.url] instead
Oct 23, 2023 7:36:02 PM org.hibernate.jpa.boot.internal.EntityManagerFactoryBuilderImpl normalizeDataAccess
WARN: HHH90000021: Encountered deprecated setting [javax.persistence.jdbc.driver], use [jakarta.persistence.jdbc.driver] instead
Oct 23, 2023 7:36:02 PM org.hibernate.cache.internal.RegionFactoryInitiator initiateService
INFO: HHH000026: Second-level cache disabled
Oct 23, 2023 7:36:02 PM org.hibernate.engine.jdbc.connections.internal.DriverManagerConnectionProviderImpl configure
WARN: HHH10001002: Using built-in connection pool (not intended for production use)
Oct 23, 2023 7:36:02 PM org.hibernate.engine.jdbc.connections.internal.DriverManagerConnectionProviderImpl buildCreator
INFO: HHH10001005: Loaded JDBC driver class: com.mysql.cj.jdbc.Driver
Oct 23, 2023 7:36:02 PM org.hibernate.engine.jdbc.connections.internal.DriverManagerConnectionProviderImpl buildCreator
INFO: HHH10001012: Connecting with JDBC URL [jdbc:mysql://localhost:3306/join_db]
Oct 23, 2023 7:36:02 PM org.hibernate.engine.jdbc.connections.internal.DriverManagerConnectionProviderImpl buildCreator
INFO: HHH10001001: Connection properties: {password=****, user=joinusr}
Oct 23, 2023 7:36:02 PM org.hibernate.engine.jdbc.connections.internal.DriverManagerConnectionProviderImpl buildCreator
INFO: HHH10001003: Autocommit mode: false
Oct 23, 2023 7:36:02 PM org.hibernate.engine.jdbc.connections.internal.DriverManagerConnectionProviderImpl$PooledConnections <init>
INFO: HHH10001115: Connection pool size: 20 (min=1)
Oct 23, 2023 7:36:02 PM org.hibernate.tool.schema.spi.SchemaManagementToolCoordinator$ActionGrouping determineJpaDbActionSetting
WARN: HHH90000021: Encountered deprecated setting [javax.persistence.schema-generation.database.action], use [jakarta.persistence.schema-generation.database.action] instead
Oct 23, 2023 7:36:02 PM org.hibernate.engine.transaction.jta.platform.internal.JtaPlatformInitiator initiateService
INFO: HHH000489: No JTA platform available (set 'hibernate.transaction.jta.platform' to enable JTA platform integration)
Oct 23, 2023 7:36:02 PM org.hibernate.tool.schema.spi.SchemaManagementToolCoordinator$ActionGrouping determineJpaDbActionSetting
WARN: HHH90000021: Encountered deprecated setting [javax.persistence.schema-generation.database.action], use [jakarta.persistence.schema-generation.database.action] instead
Oct 23, 2023 7:36:02 PM org.hibernate.resource.transaction.backend.jdbc.internal.DdlTransactionIsolatorNonJtaImpl getIsolatedConnection
INFO: HHH10001501: Connection obtained from JdbcConnectionAccess [org.hibernate.engine.jdbc.env.internal.JdbcEnvironmentInitiator$ConnectionProviderJdbcConnectionAccess@573a078] for (non-JTA) DDL execution was not in auto-commit mode; the Connection 'local transaction' will be committed and the Connection will be set into auto-commit mode.
Oct 23, 2023 7:36:02 PM org.hibernate.resource.transaction.backend.jdbc.internal.DdlTransactionIsolatorNonJtaImpl getIsolatedConnection
INFO: HHH10001501: Connection obtained from JdbcConnectionAccess [org.hibernate.engine.jdbc.env.internal.JdbcEnvironmentInitiator$ConnectionProviderJdbcConnectionAccess@660296d5] for (non-JTA) DDL execution was not in auto-commit mode; the Connection 'local transaction' will be committed and the Connection will be set into auto-commit mode.
Oct 23, 2023 7:36:04 PM org.hibernate.engine.jdbc.connections.internal.DriverManagerConnectionProviderImpl$PoolState stop
INFO: HHH10001008: Cleaning up connection pool [jdbc:mysql://localhost:3306/join_db]
]]></system-err>
  </testcase>
  <testcase name="join_to_one_test" classname="com.jdc.weekend.AllTest" time="2.34">
    <system-out><![CDATA[Hibernate: 
    alter table product 
       drop 
       foreign key FK1mtsbur82frn64de7balymq9s
Hibernate: 
    alter table product_supply 
       drop 
       foreign key FKd5kbj71vtqgobht498rfakxe9
Hibernate: 
    alter table product_supply 
       drop 
       foreign key FKtffg6kcs1pim932ltxgwjtd90
Hibernate: 
    drop table if exists category
Hibernate: 
    drop table if exists product
Hibernate: 
    drop table if exists product_supply
Hibernate: 
    drop table if exists supplier
Hibernate: 
    create table category (
        id integer not null auto_increment,
        name varchar(20) not null,
        primary key (id)
    ) engine=InnoDB
Hibernate: 
    create table product (
        category_id integer,
        id integer not null auto_increment,
        name varchar(20) not null,
        primary key (id)
    ) engine=InnoDB
Hibernate: 
    create table product_supply (
        product_id integer not null,
        supplier_id integer not null
    ) engine=InnoDB
Hibernate: 
    create table supplier (
        id integer not null auto_increment,
        name varchar(20),
        phone varchar(20) not null,
        email varchar(40) not null,
        primary key (id)
    ) engine=InnoDB
Hibernate: 
    alter table category 
       add constraint UK_46ccwnsi9409t36lurvtyljak unique (name)
Hibernate: 
    alter table product 
       add constraint UK_jmivyxk9rmgysrmsqw15lqr5b unique (name)
Hibernate: 
    alter table supplier 
       add constraint UK_c3fclhmodftxk4d0judiafwi3 unique (name)
Hibernate: 
    alter table product 
       add constraint FK1mtsbur82frn64de7balymq9s 
       foreign key (category_id) 
       references category (id)
Hibernate: 
    alter table product_supply 
       add constraint FKd5kbj71vtqgobht498rfakxe9 
       foreign key (supplier_id) 
       references supplier (id)
Hibernate: 
    alter table product_supply 
       add constraint FKtffg6kcs1pim932ltxgwjtd90 
       foreign key (product_id) 
       references product (id)
Hibernate: insert into category (name) values ('Foods')
Hibernate: insert into category (name) values ('Drinks')
Hibernate: insert into category (name) values ('Mobiles')
Hibernate: insert into product(name, category_id) values ('Potato Chips', 1)
Hibernate: insert into product(name, category_id) values ('Fish Chips', 1)
Hibernate: insert into product(name, category_id) values ('Coke', 2)
Hibernate: insert into product(name, category_id) values ('Pepsi', 2)
Hibernate: insert into product(name) values ('iPhone 13')
Hibernate: insert into supplier (name, phone, email) values ('196 Store', '0911889900', 'store196@gmail.com')
Hibernate: insert into supplier (name, phone, email) values ('Star Shop', '0911889911', 'starshop@gmail.com')
Hibernate: insert into supplier (name, phone, email) values ('Moon Star', '0911889922', 'moonstar@gmail.com')
Hibernate: insert into product_supply(product_id, supplier_id) values (1, 1)
Hibernate: insert into product_supply(product_id, supplier_id) values (2, 1)
Hibernate: insert into product_supply(product_id, supplier_id) values (3, 2)
Hibernate: insert into product_supply(product_id, supplier_id) values (4, 2)
Hibernate: 
    select
        p1_0.id,
        p1_0.category_id,
        p1_0.name 
    from
        product p1_0 
    join
        category c1_0 
            on c1_0.id=p1_0.category_id 
    where
        c1_0.name=?
Hibernate: 
    select
        c1_0.id,
        c1_0.name,
        p1_0.category_id,
        p1_0.id,
        p1_0.name 
    from
        category c1_0 
    left join
        product p1_0 
            on c1_0.id=p1_0.category_id 
    where
        c1_0.id=?
Coke
Pepsi
]]></system-out>
    <system-err><![CDATA[Oct 23, 2023 7:36:04 PM org.hibernate.jpa.internal.util.LogHelper logPersistenceUnitInformation
INFO: HHH000204: Processing PersistenceUnitInfo [name: join-in-jpql]
Oct 23, 2023 7:36:04 PM org.hibernate.jpa.boot.internal.EntityManagerFactoryBuilderImpl lambda$normalizeConnectionAccessUserAndPass$6
WARN: HHH90000021: Encountered deprecated setting [javax.persistence.jdbc.user], use [jakarta.persistence.jdbc.user] instead
Oct 23, 2023 7:36:04 PM org.hibernate.jpa.boot.internal.EntityManagerFactoryBuilderImpl lambda$normalizeConnectionAccessUserAndPass$12
WARN: HHH90000021: Encountered deprecated setting [javax.persistence.jdbc.password], use [jakarta.persistence.jdbc.password] instead
Oct 23, 2023 7:36:04 PM org.hibernate.jpa.boot.internal.EntityManagerFactoryBuilderImpl normalizeDataAccess
WARN: HHH90000021: Encountered deprecated setting [javax.persistence.jdbc.url], use [jakarta.persistence.jdbc.url] instead
Oct 23, 2023 7:36:04 PM org.hibernate.jpa.boot.internal.EntityManagerFactoryBuilderImpl normalizeDataAccess
WARN: HHH90000021: Encountered deprecated setting [javax.persistence.jdbc.driver], use [jakarta.persistence.jdbc.driver] instead
Oct 23, 2023 7:36:04 PM org.hibernate.cache.internal.RegionFactoryInitiator initiateService
INFO: HHH000026: Second-level cache disabled
Oct 23, 2023 7:36:04 PM org.hibernate.engine.jdbc.connections.internal.DriverManagerConnectionProviderImpl configure
WARN: HHH10001002: Using built-in connection pool (not intended for production use)
Oct 23, 2023 7:36:04 PM org.hibernate.engine.jdbc.connections.internal.DriverManagerConnectionProviderImpl buildCreator
INFO: HHH10001005: Loaded JDBC driver class: com.mysql.cj.jdbc.Driver
Oct 23, 2023 7:36:04 PM org.hibernate.engine.jdbc.connections.internal.DriverManagerConnectionProviderImpl buildCreator
INFO: HHH10001012: Connecting with JDBC URL [jdbc:mysql://localhost:3306/join_db]
Oct 23, 2023 7:36:04 PM org.hibernate.engine.jdbc.connections.internal.DriverManagerConnectionProviderImpl buildCreator
INFO: HHH10001001: Connection properties: {password=****, user=joinusr}
Oct 23, 2023 7:36:04 PM org.hibernate.engine.jdbc.connections.internal.DriverManagerConnectionProviderImpl buildCreator
INFO: HHH10001003: Autocommit mode: false
Oct 23, 2023 7:36:04 PM org.hibernate.engine.jdbc.connections.internal.DriverManagerConnectionProviderImpl$PooledConnections <init>
INFO: HHH10001115: Connection pool size: 20 (min=1)
Oct 23, 2023 7:36:04 PM org.hibernate.tool.schema.spi.SchemaManagementToolCoordinator$ActionGrouping determineJpaDbActionSetting
WARN: HHH90000021: Encountered deprecated setting [javax.persistence.schema-generation.database.action], use [jakarta.persistence.schema-generation.database.action] instead
Oct 23, 2023 7:36:04 PM org.hibernate.engine.transaction.jta.platform.internal.JtaPlatformInitiator initiateService
INFO: HHH000489: No JTA platform available (set 'hibernate.transaction.jta.platform' to enable JTA platform integration)
Oct 23, 2023 7:36:04 PM org.hibernate.tool.schema.spi.SchemaManagementToolCoordinator$ActionGrouping determineJpaDbActionSetting
WARN: HHH90000021: Encountered deprecated setting [javax.persistence.schema-generation.database.action], use [jakarta.persistence.schema-generation.database.action] instead
Oct 23, 2023 7:36:04 PM org.hibernate.resource.transaction.backend.jdbc.internal.DdlTransactionIsolatorNonJtaImpl getIsolatedConnection
INFO: HHH10001501: Connection obtained from JdbcConnectionAccess [org.hibernate.engine.jdbc.env.internal.JdbcEnvironmentInitiator$ConnectionProviderJdbcConnectionAccess@359e27d2] for (non-JTA) DDL execution was not in auto-commit mode; the Connection 'local transaction' will be committed and the Connection will be set into auto-commit mode.
Oct 23, 2023 7:36:04 PM org.hibernate.resource.transaction.backend.jdbc.internal.DdlTransactionIsolatorNonJtaImpl getIsolatedConnection
INFO: HHH10001501: Connection obtained from JdbcConnectionAccess [org.hibernate.engine.jdbc.env.internal.JdbcEnvironmentInitiator$ConnectionProviderJdbcConnectionAccess@61c87f1b] for (non-JTA) DDL execution was not in auto-commit mode; the Connection 'local transaction' will be committed and the Connection will be set into auto-commit mode.
Oct 23, 2023 7:36:06 PM org.hibernate.engine.jdbc.connections.internal.DriverManagerConnectionProviderImpl$PoolState stop
INFO: HHH10001008: Cleaning up connection pool [jdbc:mysql://localhost:3306/join_db]
]]></system-err>
  </testcase>
  <testcase name="join_to_many_test" classname="com.jdc.weekend.AllTest" time="1.934">
    <system-out><![CDATA[Hibernate: 
    alter table product 
       drop 
       foreign key FK1mtsbur82frn64de7balymq9s
Hibernate: 
    alter table product_supply 
       drop 
       foreign key FKd5kbj71vtqgobht498rfakxe9
Hibernate: 
    alter table product_supply 
       drop 
       foreign key FKtffg6kcs1pim932ltxgwjtd90
Hibernate: 
    drop table if exists category
Hibernate: 
    drop table if exists product
Hibernate: 
    drop table if exists product_supply
Hibernate: 
    drop table if exists supplier
Hibernate: 
    create table category (
        id integer not null auto_increment,
        name varchar(20) not null,
        primary key (id)
    ) engine=InnoDB
Hibernate: 
    create table product (
        category_id integer,
        id integer not null auto_increment,
        name varchar(20) not null,
        primary key (id)
    ) engine=InnoDB
Hibernate: 
    create table product_supply (
        product_id integer not null,
        supplier_id integer not null
    ) engine=InnoDB
Hibernate: 
    create table supplier (
        id integer not null auto_increment,
        name varchar(20),
        phone varchar(20) not null,
        email varchar(40) not null,
        primary key (id)
    ) engine=InnoDB
Hibernate: 
    alter table category 
       add constraint UK_46ccwnsi9409t36lurvtyljak unique (name)
Hibernate: 
    alter table product 
       add constraint UK_jmivyxk9rmgysrmsqw15lqr5b unique (name)
Hibernate: 
    alter table supplier 
       add constraint UK_c3fclhmodftxk4d0judiafwi3 unique (name)
Hibernate: 
    alter table product 
       add constraint FK1mtsbur82frn64de7balymq9s 
       foreign key (category_id) 
       references category (id)
Hibernate: 
    alter table product_supply 
       add constraint FKd5kbj71vtqgobht498rfakxe9 
       foreign key (supplier_id) 
       references supplier (id)
Hibernate: 
    alter table product_supply 
       add constraint FKtffg6kcs1pim932ltxgwjtd90 
       foreign key (product_id) 
       references product (id)
Hibernate: insert into category (name) values ('Foods')
Hibernate: insert into category (name) values ('Drinks')
Hibernate: insert into category (name) values ('Mobiles')
Hibernate: insert into product(name, category_id) values ('Potato Chips', 1)
Hibernate: insert into product(name, category_id) values ('Fish Chips', 1)
Hibernate: insert into product(name, category_id) values ('Coke', 2)
Hibernate: insert into product(name, category_id) values ('Pepsi', 2)
Hibernate: insert into product(name) values ('iPhone 13')
Hibernate: insert into supplier (name, phone, email) values ('196 Store', '0911889900', 'store196@gmail.com')
Hibernate: insert into supplier (name, phone, email) values ('Star Shop', '0911889911', 'starshop@gmail.com')
Hibernate: insert into supplier (name, phone, email) values ('Moon Star', '0911889922', 'moonstar@gmail.com')
Hibernate: insert into product_supply(product_id, supplier_id) values (1, 1)
Hibernate: insert into product_supply(product_id, supplier_id) values (2, 1)
Hibernate: insert into product_supply(product_id, supplier_id) values (3, 2)
Hibernate: insert into product_supply(product_id, supplier_id) values (4, 2)
Hibernate: 
    select
        p1_0.id,
        p1_0.category_id,
        p1_0.name 
    from
        product p1_0 
    join
        (product_supply s1_0 
    join
        supplier s1_1 
            on s1_1.id=s1_0.supplier_id) 
        on p1_0.id=s1_0.product_id 
    where
        s1_1.name=?
Hibernate: 
    select
        c1_0.id,
        c1_0.name,
        p1_0.category_id,
        p1_0.id,
        p1_0.name 
    from
        category c1_0 
    left join
        product p1_0 
            on c1_0.id=p1_0.category_id 
    where
        c1_0.id=?
Coke
Pepsi
]]></system-out>
    <system-err><![CDATA[Oct 23, 2023 7:36:06 PM org.hibernate.jpa.internal.util.LogHelper logPersistenceUnitInformation
INFO: HHH000204: Processing PersistenceUnitInfo [name: join-in-jpql]
Oct 23, 2023 7:36:06 PM org.hibernate.jpa.boot.internal.EntityManagerFactoryBuilderImpl lambda$normalizeConnectionAccessUserAndPass$6
WARN: HHH90000021: Encountered deprecated setting [javax.persistence.jdbc.user], use [jakarta.persistence.jdbc.user] instead
Oct 23, 2023 7:36:06 PM org.hibernate.jpa.boot.internal.EntityManagerFactoryBuilderImpl lambda$normalizeConnectionAccessUserAndPass$12
WARN: HHH90000021: Encountered deprecated setting [javax.persistence.jdbc.password], use [jakarta.persistence.jdbc.password] instead
Oct 23, 2023 7:36:06 PM org.hibernate.jpa.boot.internal.EntityManagerFactoryBuilderImpl normalizeDataAccess
WARN: HHH90000021: Encountered deprecated setting [javax.persistence.jdbc.url], use [jakarta.persistence.jdbc.url] instead
Oct 23, 2023 7:36:06 PM org.hibernate.jpa.boot.internal.EntityManagerFactoryBuilderImpl normalizeDataAccess
WARN: HHH90000021: Encountered deprecated setting [javax.persistence.jdbc.driver], use [jakarta.persistence.jdbc.driver] instead
Oct 23, 2023 7:36:06 PM org.hibernate.cache.internal.RegionFactoryInitiator initiateService
INFO: HHH000026: Second-level cache disabled
Oct 23, 2023 7:36:06 PM org.hibernate.engine.jdbc.connections.internal.DriverManagerConnectionProviderImpl configure
WARN: HHH10001002: Using built-in connection pool (not intended for production use)
Oct 23, 2023 7:36:06 PM org.hibernate.engine.jdbc.connections.internal.DriverManagerConnectionProviderImpl buildCreator
INFO: HHH10001005: Loaded JDBC driver class: com.mysql.cj.jdbc.Driver
Oct 23, 2023 7:36:06 PM org.hibernate.engine.jdbc.connections.internal.DriverManagerConnectionProviderImpl buildCreator
INFO: HHH10001012: Connecting with JDBC URL [jdbc:mysql://localhost:3306/join_db]
Oct 23, 2023 7:36:06 PM org.hibernate.engine.jdbc.connections.internal.DriverManagerConnectionProviderImpl buildCreator
INFO: HHH10001001: Connection properties: {password=****, user=joinusr}
Oct 23, 2023 7:36:06 PM org.hibernate.engine.jdbc.connections.internal.DriverManagerConnectionProviderImpl buildCreator
INFO: HHH10001003: Autocommit mode: false
Oct 23, 2023 7:36:06 PM org.hibernate.engine.jdbc.connections.internal.DriverManagerConnectionProviderImpl$PooledConnections <init>
INFO: HHH10001115: Connection pool size: 20 (min=1)
Oct 23, 2023 7:36:06 PM org.hibernate.tool.schema.spi.SchemaManagementToolCoordinator$ActionGrouping determineJpaDbActionSetting
WARN: HHH90000021: Encountered deprecated setting [javax.persistence.schema-generation.database.action], use [jakarta.persistence.schema-generation.database.action] instead
Oct 23, 2023 7:36:06 PM org.hibernate.engine.transaction.jta.platform.internal.JtaPlatformInitiator initiateService
INFO: HHH000489: No JTA platform available (set 'hibernate.transaction.jta.platform' to enable JTA platform integration)
Oct 23, 2023 7:36:06 PM org.hibernate.tool.schema.spi.SchemaManagementToolCoordinator$ActionGrouping determineJpaDbActionSetting
WARN: HHH90000021: Encountered deprecated setting [javax.persistence.schema-generation.database.action], use [jakarta.persistence.schema-generation.database.action] instead
Oct 23, 2023 7:36:06 PM org.hibernate.resource.transaction.backend.jdbc.internal.DdlTransactionIsolatorNonJtaImpl getIsolatedConnection
INFO: HHH10001501: Connection obtained from JdbcConnectionAccess [org.hibernate.engine.jdbc.env.internal.JdbcEnvironmentInitiator$ConnectionProviderJdbcConnectionAccess@50e24ea4] for (non-JTA) DDL execution was not in auto-commit mode; the Connection 'local transaction' will be committed and the Connection will be set into auto-commit mode.
Oct 23, 2023 7:36:06 PM org.hibernate.resource.transaction.backend.jdbc.internal.DdlTransactionIsolatorNonJtaImpl getIsolatedConnection
INFO: HHH10001501: Connection obtained from JdbcConnectionAccess [org.hibernate.engine.jdbc.env.internal.JdbcEnvironmentInitiator$ConnectionProviderJdbcConnectionAccess@22172b00] for (non-JTA) DDL execution was not in auto-commit mode; the Connection 'local transaction' will be committed and the Connection will be set into auto-commit mode.
Oct 23, 2023 7:36:08 PM org.hibernate.engine.jdbc.connections.internal.DriverManagerConnectionProviderImpl$PoolState stop
INFO: HHH10001008: Cleaning up connection pool [jdbc:mysql://localhost:3306/join_db]
Oct 23, 2023 7:36:08 PM org.hibernate.engine.jdbc.connections.internal.DriverManagerConnectionProviderImpl$PooledConnections close
ERROR: Connection leak detected: there are 1 unclosed connections upon shutting down pool jdbc:mysql://localhost:3306/join_db
Oct 23, 2023 7:36:08 PM org.hibernate.engine.jdbc.connections.internal.DriverManagerConnectionProviderImpl validateConnectionsReturned
ERROR: Connection leak detected: there are 1 unclosed connections
]]></system-err>
  </testcase>
</testsuite>